2025-12-06 20:37:46 | ERROR | 
      STATUS: 500
      MESSAGE: Cannot read properties of null (reading 'tableNumber')
      URL: /api/session
      METHOD: POST
      IP: ::1
    
2025-12-06 20:37:58 | ERROR | 
      STATUS: 500
      MESSAGE: Cannot read properties of null (reading 'tableNumber')
      URL: /api/session
      METHOD: POST
      IP: ::1
    
2025-12-08 14:45:09 | ERROR | 
      STATUS: 500
      MESSAGE: Cannot read properties of undefined (reading 'role')
      URL: /menu
      METHOD: GET
      IP: ::1
    
2025-12-08 14:45:09 | ERROR | 
      STATUS: 500
      MESSAGE: Cannot read properties of undefined (reading 'role')
      URL: /menu
      METHOD: GET
      IP: ::1
    
2025-12-08 14:45:24 | ERROR | 
      STATUS: 500
      MESSAGE: Cannot read properties of undefined (reading 'role')
      URL: /menu
      METHOD: GET
      IP: ::1
    
2025-12-08 14:45:24 | ERROR | 
      STATUS: 500
      MESSAGE: Cannot read properties of undefined (reading 'role')
      URL: /menu
      METHOD: GET
      IP: ::1
    
2025-12-09 16:16:28 | ERROR | 
      STATUS: 500
      MESSAGE: Cannot read properties of null (reading 'tableNumber')
      URL: /api/session
      METHOD: POST
      IP: ::1
    
2025-12-09 16:16:34 | ERROR | 
      STATUS: 500
      MESSAGE: Cannot read properties of null (reading 'tableNumber')
      URL: /api/session
      METHOD: POST
      IP: ::1
    
2025-12-09 16:16:38 | ERROR | 
      STATUS: 500
      MESSAGE: Cannot read properties of null (reading 'tableNumber')
      URL: /api/session
      METHOD: POST
      IP: ::1
    
2025-12-09 16:16:40 | ERROR | 
      STATUS: 500
      MESSAGE: Cannot read properties of null (reading 'tableNumber')
      URL: /api/session
      METHOD: POST
      IP: ::1
    
2025-12-09 16:16:40 | ERROR | 
      STATUS: 500
      MESSAGE: Cannot read properties of null (reading 'tableNumber')
      URL: /api/session
      METHOD: POST
      IP: ::1
    
2025-12-09 16:17:30 | ERROR | 
      STATUS: 500
      MESSAGE: Cannot read properties of null (reading 'tableNumber')
      URL: /api/session
      METHOD: POST
      IP: ::1
    
2025-12-09 16:19:09 | ERROR | 
      STATUS: 500
      MESSAGE: Cannot read properties of null (reading 'tableNumber')
      URL: /api/session
      METHOD: POST
      IP: ::1
    
2025-12-09 16:22:15 | ERROR | 
      STATUS: 500
      MESSAGE: Cannot read properties of null (reading 'tableNumber')
      URL: /api/session
      METHOD: POST
      IP: ::1
    
2025-12-09 17:19:58 | ERROR | 
      STATUS: 500
      MESSAGE: Cannot read properties of null (reading 'tableNumber')
      URL: /api/session
      METHOD: POST
      IP: ::1
    
2025-12-09 17:29:26 | ERROR | 
      STATUS: 500
      MESSAGE: Cannot read properties of null (reading 'tableNumber')
      URL: /api/session
      METHOD: POST
      IP: ::1
    
2025-12-09 17:30:20 | ERROR | 
      STATUS: 500
      MESSAGE: Cannot read properties of null (reading 'tableNumber')
      URL: /api/session
      METHOD: POST
      IP: ::1
    
2025-12-09 17:55:19 | ERROR | 
      STATUS: 500
      MESSAGE: Cannot read properties of null (reading 'tableNumber')
      URL: /api/session
      METHOD: POST
      IP: ::1
    
2025-12-22 13:27:47 | ERROR | 
      STATUS: 500
      MESSAGE: Cannot read properties of null (reading 'tableNumber')
      URL: /api/session
      METHOD: POST
      IP: ::1
    
2025-12-22 13:38:39 | ERROR | 
      STATUS: 500
      MESSAGE: Cannot read properties of null (reading 'tableNumber')
      URL: /api/session
      METHOD: POST
      IP: ::1
    
2025-12-27 17:14:24 | ERROR | 
      STATUS: 500
      MESSAGE: Cannot read properties of null (reading 'tableNumber')
      URL: /api/session
      METHOD: POST
      IP: ::1
    
2025-12-27 17:14:26 | ERROR | 
      STATUS: 500
      MESSAGE: Cannot read properties of null (reading 'tableNumber')
      URL: /api/session
      METHOD: POST
      IP: ::1
    
2025-12-27 17:20:39 | ERROR | 
      STATUS: 400
      MESSAGE: Expected ',' or '}' after property value in JSON at position 86 (line 2 column 85)
      URL: /api/orders
      METHOD: POST
      IP: ::ffff:127.0.0.1
    
